Using pre-set license
Built from '2020.3/staging' branch; Version is '2020.3.8f1 (507919d4fff5) revision 5273881'; Using compiler version '192528614'; Build Type 'Release'
OS: 'Windows 10 Home; OS build 19042.1288; Version 2009; 64bit' Language: 'en' Physical Memory: 8089 MB
BatchMode: 1, IsHumanControllingUs: 0, StartBugReporterOnCrash: 0, Is64bit: 1, IsPro: 0

 COMMAND LINE ARGUMENTS:
C:\Program Files\Unity\Hub\Editor\2020.3.8f1\Editor\Unity.exe
-adb2
-batchMode
-noUpm
-name
AssetImportWorker0
-projectPath
C:/Users/GigaFix/CCG_V2
-logFile
Logs/AssetImportWorker0.log
-srvPort
5292
Successfully changed project path to: C:/Users/GigaFix/CCG_V2
C:/Users/GigaFix/CCG_V2
Using Asset Import Pipeline V2.
Refreshing native plugins compatible for Editor in 163.53 ms, found 1 plugins.
Preloading 0 native plugins for Editor in 0.00 ms.
Initialize engine version: 2020.3.8f1 (507919d4fff5)
[Subsystems] Discovering subsystems at path C:/Program Files/Unity/Hub/Editor/2020.3.8f1/Editor/Data/Resources/UnitySubsystems
[Subsystems] Discovering subsystems at path C:/Users/GigaFix/CCG_V2/Assets
GfxDevice: creating device client; threaded=0
Direct3D:
    Version:  Direct3D 11.0 [level 11.0]
    Renderer: Intel(R) HD Graphics (ID=0x156)
    Vendor:   
    VRAM:     128 MB
    Driver:   10.18.10.4252
Initialize mono
Mono path[0] = 'C:/Program Files/Unity/Hub/Editor/2020.3.8f1/Editor/Data/Managed'
Mono path[1] = 'C:/Program Files/Unity/Hub/Editor/2020.3.8f1/Editor/Data/MonoBleedingEdge/lib/mono/unityjit'
Mono config path = 'C:/Program Files/Unity/Hub/Editor/2020.3.8f1/Editor/Data/MonoBleedingEdge/etc'
Using monoOptions --debugger-agent=transport=dt_socket,embedding=1,server=y,suspend=n,address=127.0.0.1:56692
Begin MonoManager ReloadAssembly
Registering precompiled unity dll's ...
Register platform support module: C:/Program Files/Unity/Hub/Editor/2020.3.8f1/Editor/Data/PlaybackEngines/WebGLSupport/UnityEditor.WebGL.Extensions.dll
Register platform support module: C:/Program Files/Unity/Hub/Editor/2020.3.8f1/Editor/Data/PlaybackEngines/WindowsStandaloneSupport/UnityEditor.WindowsStandalone.Extensions.dll
Register platform support module: C:/Program Files/Unity/Hub/Editor/2020.3.8f1/Editor/Data/PlaybackEngines/LinuxStandaloneSupport/UnityEditor.LinuxStandalone.Extensions.dll
Registered in 0.009425 seconds.
Native extension for LinuxStandalone target not found
Native extension for WindowsStandalone target not found
Native extension for WebGL target not found
Refreshing native plugins compatible for Editor in 94.62 ms, found 1 plugins.
Preloading 0 native plugins for Editor in 0.00 ms.
Mono: successfully reloaded assembly
- Completed reload, in  8.097 seconds
Platform modules already initialized, skipping
Registering precompiled user dll's ...
Registered in 0.008224 seconds.
Begin MonoManager ReloadAssembly
Native extension for LinuxStandalone target not found
Native extension for WindowsStandalone target not found
Native extension for WebGL target not found
Refreshing native plugins compatible for Editor in 92.78 ms, found 1 plugins.
Preloading 0 native plugins for Editor in 0.00 ms.
Mono: successfully reloaded assembly
- Completed reload, in  2.356 seconds
Platform modules already initialized, skipping
========================================================================
Worker process is ready to serve import requests
Launched and connected shader compiler UnityShaderCompiler.exe after 0.11 seconds
Refreshing native plugins compatible for Editor in 1.62 ms, found 1 plugins.
Preloading 0 native plugins for Editor in 0.00 ms.
Unloading 2116 Unused Serialized files (Serialized files now loaded: 0)
System memory in use before: 96.6 MB.
System memory in use after: 96.6 MB.

Unloading 82 unused Assets to reduce memory usage. Loaded Objects now: 2503.
Total: 3.499200 ms (FindLiveObjects: 0.301000 ms CreateObjectMapping: 0.180700 ms MarkObjects: 2.761500 ms  DeleteObjects: 0.253100 ms)

========================================================================
Received Prepare
Refreshing native plugins compatible for Editor in 88.40 ms, found 1 plugins.
Preloading 0 native plugins for Editor in 0.00 ms.
Unloading 67 Unused Serialized files (Serialized files now loaded: 0)
System memory in use before: 54.9 MB.
System memory in use after: 54.9 MB.

Unloading 67 unused Assets to reduce memory usage. Loaded Objects now: 2503.
Total: 4.373400 ms (FindLiveObjects: 0.436200 ms CreateObjectMapping: 0.681400 ms MarkObjects: 3.043600 ms  DeleteObjects: 0.210000 ms)

========================================================================
Received Prepare
Registering precompiled user dll's ...
Registered in 0.007623 seconds.
Begin MonoManager ReloadAssembly
Native extension for LinuxStandalone target not found
Native extension for WindowsStandalone target not found
Native extension for WebGL target not found
Refreshing native plugins compatible for Editor in 1.72 ms, found 1 plugins.
Preloading 0 native plugins for Editor in 0.00 ms.
Mono: successfully reloaded assembly
- Completed reload, in  2.065 seconds
Platform modules already initialized, skipping
Refreshing native plugins compatible for Editor in 1.79 ms, found 1 plugins.
Preloading 0 native plugins for Editor in 0.00 ms.
Unloading 2097 Unused Serialized files (Serialized files now loaded: 0)
System memory in use before: 95.2 MB.
System memory in use after: 95.2 MB.

Unloading 69 unused Assets to reduce memory usage. Loaded Objects now: 2508.
Total: 3.992300 ms (FindLiveObjects: 0.332700 ms CreateObjectMapping: 0.246700 ms MarkObjects: 3.196100 ms  DeleteObjects: 0.214400 ms)

AssetImportWorkerClient::OnTransportError - code=2 error=End of file
